<?xml version="1.0" encoding="UTF-8"?>
<testsuite xmlns:xsi="http://www.w3.org/2001/XMLSchema-instance" xsi:noNamespaceSchemaLocation="https://maven.apache.org/surefire/maven-surefire-plugin/xsd/surefire-test-report-3.0.xsd" version="3.0" name="damose.DatiGTFSTest$CollectionTests" time="0.015" tests="3" errors="0" skipped="0" failures="0">
  <properties>
    <property name="java.specification.version" value="24"/>
    <property name="sun.cpu.isalist" value="amd64"/>
    <property name="sun.jnu.encoding" value="Cp1252"/>
    <property name="sun.awt.enableExtraMouseButtons" value="true"/>
    <property name="java.class.path" value="C:\Users\rauli\Damose\target\test-classes;C:\Users\rauli\Damose\target\classes;C:\Users\rauli\.m2\repository\org\jxmapviewer\jxmapviewer2\2.8\jxmapviewer2-2.8.jar;C:\Users\rauli\.m2\repository\commons-logging\commons-logging\1.2\commons-logging-1.2.jar;C:\Users\rauli\.m2\repository\org\junit\jupiter\junit-jupiter\5.10.2\junit-jupiter-5.10.2.jar;C:\Users\rauli\.m2\repository\org\junit\jupiter\junit-jupiter-params\5.10.2\junit-jupiter-params-5.10.2.jar;C:\Users\rauli\.m2\repository\org\junit\jupiter\junit-jupiter-engine\5.10.2\junit-jupiter-engine-5.10.2.jar;C:\Users\rauli\.m2\repository\org\junit\platform\junit-platform-engine\1.10.2\junit-platform-engine-1.10.2.jar;C:\Users\rauli\.m2\repository\org\jfree\jfreechart\1.5.3\jfreechart-1.5.3.jar;C:\Users\rauli\.m2\repository\com\google\transit\gtfs-realtime-bindings\0.0.4\gtfs-realtime-bindings-0.0.4.jar;C:\Users\rauli\.m2\repository\com\google\protobuf\protobuf-java\2.6.1\protobuf-java-2.6.1.jar;C:\Users\rauli\.m2\repository\junit\junit\3.8.1\junit-3.8.1.jar;C:\Users\rauli\.m2\repository\org\onebusaway\onebusaway-gtfs\8.0.0\onebusaway-gtfs-8.0.0.jar;C:\Users\rauli\.m2\repository\org\slf4j\slf4j-api\2.0.17\slf4j-api-2.0.17.jar;C:\Users\rauli\.m2\repository\de\grundid\opendatalab\geojson-jackson\1.14\geojson-jackson-1.14.jar;C:\Users\rauli\.m2\repository\org\jspecify\jspecify\1.0.0\jspecify-1.0.0.jar;C:\Users\rauli\.m2\repository\org\onebusaway\onebusaway-csv-entities\8.0.0\onebusaway-csv-entities-8.0.0.jar;C:\Users\rauli\.m2\repository\org\apache\commons\commons-beanutils2\2.0.0-M2\commons-beanutils2-2.0.0-M2.jar;C:\Users\rauli\.m2\repository\org\apache\commons\commons-lang3\3.17.0\commons-lang3-3.17.0.jar;C:\Users\rauli\.m2\repository\org\apache\commons\commons-collections4\4.5.0\commons-collections4-4.5.0.jar;C:\Users\rauli\.m2\repository\com\fasterxml\jackson\core\jackson-databind\2.14.0\jackson-databind-2.14.0.jar;C:\Users\rauli\.m2\repository\com\fasterxml\jackson\core\jackson-annotations\2.14.0\jackson-annotations-2.14.0.jar;C:\Users\rauli\.m2\repository\com\fasterxml\jackson\core\jackson-core\2.14.0\jackson-core-2.14.0.jar;C:\Users\rauli\.m2\repository\org\slf4j\slf4j-simple\2.0.6\slf4j-simple-2.0.6.jar;C:\Users\rauli\.m2\repository\org\testng\testng\7.11.0\testng-7.11.0.jar;C:\Users\rauli\.m2\repository\org\jcommander\jcommander\1.83\jcommander-1.83.jar;C:\Users\rauli\.m2\repository\org\webjars\jquery\3.7.1\jquery-3.7.1.jar;C:\Users\rauli\.m2\repository\org\junit\jupiter\junit-jupiter-api\5.10.2\junit-jupiter-api-5.10.2.jar;C:\Users\rauli\.m2\repository\org\opentest4j\opentest4j\1.3.0\opentest4j-1.3.0.jar;C:\Users\rauli\.m2\repository\org\junit\platform\junit-platform-commons\1.10.2\junit-platform-commons-1.10.2.jar;C:\Users\rauli\.m2\repository\org\apiguardian\apiguardian-api\1.1.2\apiguardian-api-1.1.2.jar;"/>
    <property name="java.vm.vendor" value="Oracle Corporation"/>
    <property name="sun.arch.data.model" value="64"/>
    <property name="user.variant" value=""/>
    <property name="java.vendor.url" value="https://java.oracle.com/"/>
    <property name="user.timezone" value="Europe/Rome"/>
    <property name="os.name" value="Windows 11"/>
    <property name="java.vm.specification.version" value="24"/>
    <property name="sun.java.launcher" value="SUN_STANDARD"/>
    <property name="user.country" value="IT"/>
    <property name="sun.boot.library.path" value="C:\Program Files\Java\jdk-24\bin"/>
    <property name="sun.java.command" value="C:\Users\rauli\AppData\Local\Temp\surefire4172605949078717352\surefirebooter-20250620181459765_3.jar C:\Users\rauli\AppData\Local\Temp\surefire4172605949078717352 2025-06-20T18-14-49_293-jvmRun1 surefire-20250620181459765_1tmp surefire_0-20250620181459765_2tmp"/>
    <property name="jdk.debug" value="release"/>
    <property name="surefire.test.class.path" value="C:\Users\rauli\Damose\target\test-classes;C:\Users\rauli\Damose\target\classes;C:\Users\rauli\.m2\repository\org\jxmapviewer\jxmapviewer2\2.8\jxmapviewer2-2.8.jar;C:\Users\rauli\.m2\repository\commons-logging\commons-logging\1.2\commons-logging-1.2.jar;C:\Users\rauli\.m2\repository\org\junit\jupiter\junit-jupiter\5.10.2\junit-jupiter-5.10.2.jar;C:\Users\rauli\.m2\repository\org\junit\jupiter\junit-jupiter-params\5.10.2\junit-jupiter-params-5.10.2.jar;C:\Users\rauli\.m2\repository\org\junit\jupiter\junit-jupiter-engine\5.10.2\junit-jupiter-engine-5.10.2.jar;C:\Users\rauli\.m2\repository\org\junit\platform\junit-platform-engine\1.10.2\junit-platform-engine-1.10.2.jar;C:\Users\rauli\.m2\repository\org\jfree\jfreechart\1.5.3\jfreechart-1.5.3.jar;C:\Users\rauli\.m2\repository\com\google\transit\gtfs-realtime-bindings\0.0.4\gtfs-realtime-bindings-0.0.4.jar;C:\Users\rauli\.m2\repository\com\google\protobuf\protobuf-java\2.6.1\protobuf-java-2.6.1.jar;C:\Users\rauli\.m2\repository\junit\junit\3.8.1\junit-3.8.1.jar;C:\Users\rauli\.m2\repository\org\onebusaway\onebusaway-gtfs\8.0.0\onebusaway-gtfs-8.0.0.jar;C:\Users\rauli\.m2\repository\org\slf4j\slf4j-api\2.0.17\slf4j-api-2.0.17.jar;C:\Users\rauli\.m2\repository\de\grundid\opendatalab\geojson-jackson\1.14\geojson-jackson-1.14.jar;C:\Users\rauli\.m2\repository\org\jspecify\jspecify\1.0.0\jspecify-1.0.0.jar;C:\Users\rauli\.m2\repository\org\onebusaway\onebusaway-csv-entities\8.0.0\onebusaway-csv-entities-8.0.0.jar;C:\Users\rauli\.m2\repository\org\apache\commons\commons-beanutils2\2.0.0-M2\commons-beanutils2-2.0.0-M2.jar;C:\Users\rauli\.m2\repository\org\apache\commons\commons-lang3\3.17.0\commons-lang3-3.17.0.jar;C:\Users\rauli\.m2\repository\org\apache\commons\commons-collections4\4.5.0\commons-collections4-4.5.0.jar;C:\Users\rauli\.m2\repository\com\fasterxml\jackson\core\jackson-databind\2.14.0\jackson-databind-2.14.0.jar;C:\Users\rauli\.m2\repository\com\fasterxml\jackson\core\jackson-annotations\2.14.0\jackson-annotations-2.14.0.jar;C:\Users\rauli\.m2\repository\com\fasterxml\jackson\core\jackson-core\2.14.0\jackson-core-2.14.0.jar;C:\Users\rauli\.m2\repository\org\slf4j\slf4j-simple\2.0.6\slf4j-simple-2.0.6.jar;C:\Users\rauli\.m2\repository\org\testng\testng\7.11.0\testng-7.11.0.jar;C:\Users\rauli\.m2\repository\org\jcommander\jcommander\1.83\jcommander-1.83.jar;C:\Users\rauli\.m2\repository\org\webjars\jquery\3.7.1\jquery-3.7.1.jar;C:\Users\rauli\.m2\repository\org\junit\jupiter\junit-jupiter-api\5.10.2\junit-jupiter-api-5.10.2.jar;C:\Users\rauli\.m2\repository\org\opentest4j\opentest4j\1.3.0\opentest4j-1.3.0.jar;C:\Users\rauli\.m2\repository\org\junit\platform\junit-platform-commons\1.10.2\junit-platform-commons-1.10.2.jar;C:\Users\rauli\.m2\repository\org\apiguardian\apiguardian-api\1.1.2\apiguardian-api-1.1.2.jar;"/>
    <property name="sun.cpu.endian" value="little"/>
    <property name="user.home" value="C:\Users\rauli"/>
    <property name="user.language" value="it"/>
    <property name="java.specification.vendor" value="Oracle Corporation"/>
    <property name="java.version.date" value="2025-04-15"/>
    <property name="java.home" value="C:\Program Files\Java\jdk-24"/>
    <property name="file.separator" value="\"/>
    <property name="basedir" value="C:\Users\rauli\Damose"/>
    <property name="java.vm.compressedOopsMode" value="Zero based"/>
    <property name="line.separator" value="&#10;"/>
    <property name="java.vm.specification.vendor" value="Oracle Corporation"/>
    <property name="java.specification.name" value="Java Platform API Specification"/>
    <property name="surefire.real.class.path" value="C:\Users\rauli\AppData\Local\Temp\surefire4172605949078717352\surefirebooter-20250620181459765_3.jar"/>
    <property name="user.script" value=""/>
    <property name="sun.management.compiler" value="HotSpot 64-Bit Tiered Compilers"/>
    <property name="java.runtime.version" value="24.0.1+9-30"/>
    <property name="user.name" value="rauli"/>
    <property name="stdout.encoding" value="Cp1252"/>
    <property name="path.separator" value=";"/>
    <property name="os.version" value="10.0"/>
    <property name="java.runtime.name" value="Java(TM) SE Runtime Environment"/>
    <property name="file.encoding" value="UTF-8"/>
    <property name="java.vm.name" value="Java HotSpot(TM) 64-Bit Server VM"/>
    <property name="localRepository" value="C:\Users\rauli\.m2\repository"/>
    <property name="java.vendor.url.bug" value="https://bugreport.java.com/bugreport/"/>
    <property name="java.io.tmpdir" value="C:\Users\rauli\AppData\Local\Temp\"/>
    <property name="java.version" value="24.0.1"/>
    <property name="user.dir" value="C:\Users\rauli\Damose"/>
    <property name="os.arch" value="amd64"/>
    <property name="java.vm.specification.name" value="Java Virtual Machine Specification"/>
    <property name="sun.os.patch.level" value=""/>
    <property name="native.encoding" value="Cp1252"/>
    <property name="java.library.path" value="C:\Program Files\Java\jdk-24\bin;C:\WINDOWS\Sun\Java\bin;C:\WINDOWS\system32;C:\WINDOWS;C:\Program Files\Common Files\Oracle\Java\javapath;C:\Program Files (x86)\Common Files\Oracle\Java\java8path;C:\Program Files (x86)\Common Files\Oracle\Java\javapath;C:\WINDOWS\system32;C:\WINDOWS;C:\WINDOWS\System32\Wbem;C:\WINDOWS\System32\WindowsPowerShell\v1.0\;C:\WINDOWS\System32\OpenSSH\;c:\Program Files (x86)\Acustica\Framework\;c:\Program Files\Acustica\Framework\;C:\Program Files\dotnet\;C:\Program Files\Git LFS;C:\Program Files\Java\jdk-24\bin;C:\Program Files\Java\jdk-24\bin;C:\Program Files\Git\cmd;C:\Program Files\Apache\Maven\apache-maven-3.9.10\bin;C:\Users\rauli\AppData\Local\Programs\Python\Python313\Scripts\;C:\Users\rauli\AppData\Local\Programs\Python\Python313\;C:\Users\rauli\AppData\Local\Programs\Python\Launcher\;C:\Users\rauli\AppData\Local\Microsoft\WindowsApps;C:\Users\rauli\AppData\Local\Programs\Microsoft VS Code\bin;C:\Users\rauli\AppData\Local\GitHubDesktop\bin;C:\Users\rauli\.dotnet\tools;;."/>
    <property name="java.vm.info" value="mixed mode, sharing"/>
    <property name="stderr.encoding" value="Cp1252"/>
    <property name="java.vendor" value="Oracle Corporation"/>
    <property name="java.vm.version" value="24.0.1+9-30"/>
    <property name="sun.io.unicode.encoding" value="UnicodeLittle"/>
    <property name="java.class.version" value="68.0"/>
  </properties>
  <testcase name="collectionFermate_NonDeveEssereVuota" classname="damose.DatiGTFSTest$CollectionTests" time="0.002"/>
  <testcase name="collectionLinee_NonDeveEssereVuota" classname="damose.DatiGTFSTest$CollectionTests" time="0.003"/>
  <testcase name="collectionViaggi_NonDeveEssereVuota" classname="damose.DatiGTFSTest$CollectionTests" time="0.003"/>
</testsuite>